# JRE version: OpenJDK Runtime Environment Temurin-17.0.4.1+1 (17.0.4.1+1) (build 17.0.4.1+1)
# Java VM: OpenJDK 64-Bit Server VM Temurin-17.0.4.1+1 (17.0.4.1+1, mixed mode, emulated-client, tiered, compressed oops, compressed class ptrs, g1 gc, windows-amd64)
GC Precious Log:
 CPUs: 4 total, 4 available
 Memory: 7835M
 Large Page Support: Disabled
 NUMA Support: Disabled
 Compressed Oops: Enabled (32-bit)
 Heap Region Size: 1M
 Heap Min Capacity: 8M
 Heap Initial Capacity: 124M
 Heap Max Capacity: 1960M
 Pre-touch: Disabled
 Parallel Workers: 4
 Concurrent Workers: 1
 Concurrent Refinement Workers: 4
 Periodic GC: Disabled
Heap:
 garbage-first heap   total 102400K, used 100065K [0x0000000085800000, 0x0000000100000000)
  region size 1024K, 70 young (71680K), 0 survivors (0K)
 Metaspace       used 74209K, committed 74752K, reserved 1114112K
  class space    used 9986K, committed 10240K, reserved 1048576K
GC Heap History (20 events):
Event: 6682.054 GC heap after
{Heap after GC invocations=59 (full 0):
 garbage-first heap   total 102400K, used 28676K [0x0000000085800000, 0x0000000100000000)
  region size 1024K, 1 young (1024K), 1 survivors (1024K)
 Metaspace       used 74209K, committed 74752K, reserved 1114112K
  class space    used 9986K, committed 10240K, reserved 1048576K
}
Event: 6685.584 GC heap before
{Heap before GC invocations=60 (full 0):
 garbage-first heap   total 102400K, used 89092K [0x0000000085800000, 0x0000000100000000)
  region size 1024K, 60 young (61440K), 1 survivors (1024K)
 Metaspace       used 74209K, committed 74752K, reserved 1114112K
  class space    used 9986K, committed 10240K, reserved 1048576K
}
Event: 6685.587 GC heap after
{Heap after GC invocations=61 (full 0):
 garbage-first heap   total 102400K, used 28631K [0x0000000085800000, 0x0000000100000000)
  region size 1024K, 1 young (1024K), 1 survivors (1024K)
 Metaspace       used 74209K, committed 74752K, reserved 1114112K
  class space    used 9986K, committed 10240K, reserved 1048576K
}
Event: 6685.676 GC heap before
{Heap before GC invocations=61 (full 0):
 garbage-first heap   total 102400K, used 32727K [0x0000000085800000, 0x0000000100000000)
  region size 1024K, 5 young (5120K), 1 survivors (1024K)
 Metaspace       used 74209K, committed 74752K, reserved 1114112K
  class space    used 9986K, committed 10240K, reserved 1048576K
}
Event: 6685.680 GC heap after
{Heap after GC invocations=62 (full 0):
 garbage-first heap   total 102400K, used 28629K [0x0000000085800000, 0x0000000100000000)
  region size 1024K, 1 young (1024K), 1 survivors (1024K)
 Metaspace       used 74209K, committed 74752K, reserved 1114112K
  class space    used 9986K, committed 10240K, reserved 1048576K
}
Event: 6688.213 GC heap before
{Heap before GC invocations=62 (full 0):
 garbage-first heap   total 102400K, used 89045K [0x0000000085800000, 0x0000000100000000)
  region size 1024K, 60 young (61440K), 1 survivors (1024K)
 Metaspace       used 74209K, committed 74752K, reserved 1114112K
  class space    used 9986K, committed 10240K, reserved 1048576K
}
Event: 6688.215 GC heap after
{Heap after GC invocations=63 (full 0):
 garbage-first heap   total 102400K, used 28618K [0x0000000085800000, 0x0000000100000000)
  region size 1024K, 1 young (1024K), 1 survivors (1024K)
 Metaspace       used 74209K, committed 74752K, reserved 1114112K
  class space    used 9986K, committed 10240K, reserved 1048576K
}
Event: 6690.982 GC heap before
{Heap before GC invocations=64 (full 0):
 garbage-first heap   total 102400K, used 89034K [0x0000000085800000, 0x0000000100000000)
  region size 1024K, 60 young (61440K), 1 survivors (1024K)
 Metaspace       used 74209K, committed 74752K, reserved 1114112K
  class space    used 9986K, committed 10240K, reserved 1048576K
}
Event: 6690.984 GC heap after
{Heap after GC invocations=65 (full 0):
 garbage-first heap   total 102400K, used 28604K [0x0000000085800000, 0x0000000100000000)
  region size 1024K, 1 young (1024K), 1 survivors (1024K)
 Metaspace       used 74209K, committed 74752K, reserved 1114112K
  class space    used 9986K, committed 10240K, reserved 1048576K
}
Event: 6691.123 GC heap before
{Heap before GC invocations=65 (full 0):
 garbage-first heap   total 102400K, used 32700K [0x0000000085800000, 0x0000000100000000)
  region size 1024K, 5 young (5120K), 1 survivors (1024K)
 Metaspace       used 74209K, committed 74752K, reserved 1114112K
  class space    used 9986K, committed 10240K, reserved 1048576K
}
Event: 6691.127 GC heap after
{Heap after GC invocations=66 (full 0):
 garbage-first heap   total 102400K, used 28440K [0x0000000085800000, 0x0000000100000000)
  region size 1024K, 1 young (1024K), 1 survivors (1024K)
 Metaspace       used 74209K, committed 74752K, reserved 1114112K
  class space    used 9986K, committed 10240K, reserved 1048576K
}
Event: 6695.345 GC heap before
{Heap before GC invocations=66 (full 0):
 garbage-first heap   total 102400K, used 88856K [0x0000000085800000, 0x0000000100000000)
  region size 1024K, 60 young (61440K), 1 survivors (1024K)
 Metaspace       used 74209K, committed 74752K, reserved 1114112K
  class space    used 9986K, committed 10240K, reserved 1048576K
}
Event: 6695.348 GC heap after
{Heap after GC invocations=67 (full 0):
 garbage-first heap   total 102400K, used 28431K [0x0000000085800000, 0x0000000100000000)
  region size 1024K, 1 young (1024K), 1 survivors (1024K)
 Metaspace       used 74209K, committed 74752K, reserved 1114112K
  class space    used 9986K, committed 10240K, reserved 1048576K
}
Event: 6699.724 GC heap before
{Heap before GC invocations=68 (full 0):
 garbage-first heap   total 102400K, used 88847K [0x0000000085800000, 0x0000000100000000)
  region size 1024K, 60 young (61440K), 1 survivors (1024K)
 Metaspace       used 74209K, committed 74752K, reserved 1114112K
  class space    used 9986K, committed 10240K, reserved 1048576K
}
Event: 6699.726 GC heap after
{Heap after GC invocations=69 (full 0):
 garbage-first heap   total 102400K, used 28501K [0x0000000085800000, 0x0000000100000000)
  region size 1024K, 1 young (1024K), 1 survivors (1024K)
 Metaspace       used 74209K, committed 74752K, reserved 1114112K
  class space    used 9986K, committed 10240K, reserved 1048576K
}
Event: 6699.995 GC heap before
{Heap before GC invocations=69 (full 0):
 garbage-first heap   total 102400K, used 32597K [0x0000000085800000, 0x0000000100000000)
  region size 1024K, 5 young (5120K), 1 survivors (1024K)
 Metaspace       used 74209K, committed 74752K, reserved 1114112K
  class space    used 9986K, committed 10240K, reserved 1048576K
}
Event: 6700.000 GC heap after
{Heap after GC invocations=70 (full 0):
 garbage-first heap   total 102400K, used 28449K [0x0000000085800000, 0x0000000100000000)
  region size 1024K, 1 young (1024K), 1 survivors (1024K)
 Metaspace       used 74209K, committed 74752K, reserved 1114112K
  class space    used 9986K, committed 10240K, reserved 1048576K
}
Event: 6704.304 GC heap before
{Heap before GC invocations=70 (full 0):
 garbage-first heap   total 102400K, used 88865K [0x0000000085800000, 0x0000000100000000)
  region size 1024K, 60 young (61440K), 1 survivors (1024K)
 Metaspace       used 74209K, committed 74752K, reserved 1114112K
  class space    used 9986K, committed 10240K, reserved 1048576K
}
Event: 6704.305 GC heap after
{Heap after GC invocations=71 (full 0):
 garbage-first heap   total 123904K, used 28385K [0x0000000085800000, 0x0000000100000000)
  region size 1024K, 1 young (1024K), 1 survivors (1024K)
 Metaspace       used 74209K, committed 74752K, reserved 1114112K
  class space    used 9986K, committed 10240K, reserved 1048576K
}
Event: 6709.896 GC heap before
{Heap before GC invocations=72 (full 0):
 garbage-first heap   total 102400K, used 99041K [0x0000000085800000, 0x0000000100000000)
  region size 1024K, 71 young (72704K), 1 survivors (1024K)
 Metaspace       used 74209K, committed 74752K, reserved 1114112K
  class space    used 9986K, committed 10240K, reserved 1048576K
}

